<?xml version="1.0" encoding="UTF-8"?>
<!-- Generated by org.testng.reporters.JUnitXMLReporter -->
<testsuite hostname="BGL105551" ignored="0" name="Smoke Test" tests="1" failures="0" timestamp="31 Aug 2017 09:55:54 GMT" time="1.989" errors="0">
  <testcase name="@BeforeTest setup" time="0.156" classname="com.photon.Base.Trigger.SmokeTest">
    <failure type="java.lang.IllegalStateException" message="The driver executable does not exist: C:\Users\Suja_s\workspace\Base\drivers\chromedriver.exe">
      <![CDATA[java.lang.IllegalStateException: The driver executable does not exist: C:\Users\Suja_s\workspace\Base\drivers\chromedriver.exe
	at com.google.common.base.Preconditions.checkState(Preconditions.java:534)
	at org.openqa.selenium.remote.service.DriverService.checkExecutable(DriverService.java:136)
	at org.openqa.selenium.remote.service.DriverService.findExecutable(DriverService.java:131)
	at org.openqa.selenium.chrome.ChromeDriverService.access$000(ChromeDriverService.java:32)
	at org.openqa.selenium.chrome.ChromeDriverService$Builder.findDefaultExecutable(ChromeDriverService.java:137)
	at org.openqa.selenium.remote.service.DriverService$Builder.build(DriverService.java:329)
	at org.openqa.selenium.chrome.ChromeDriverService.createDefaultService(ChromeDriverService.java:88)
	at org.openqa.selenium.chrome.ChromeDriver.<init>(ChromeDriver.java:124)
	at com.photon.Base.Utilities.BaseStep.LaunchApp(BaseStep.java:81)
	at com.photon.Base.Trigger.SmokeTest.setup(SmokeTest.java:60)
... Removed 23 stack frames]]>
    </failure>
  </testcase> <!-- @BeforeTest setup -->
  <testcase name="@AfterTest shutDown" time="0.0" classname="com.photon.Base.Trigger.SmokeTest">
    <skipped/>
  </testcase> <!-- @AfterTest shutDown -->
  <testcase name="feature" time="0.0" classname="cucumber.api.testng.AbstractTestNGCucumberTests">
    <skipped/>
  </testcase> <!-- feature -->
</testsuite> <!-- Smoke Test -->
